<html>
<head>
<title>TestNG:  RestAssuredAutomation</title>
<link href="../testng.css" rel="stylesheet" type="text/css" />
<link href="../my-testng.css" rel="stylesheet" type="text/css" />

<style type="text/css">
.log { display: none;} 
.stack-trace { display: none;} 
</style>
<script type="text/javascript">
<!--
function flip(e) {
  current = e.style.display;
  if (current == 'block') {
    e.style.display = 'none';
    return 0;
  }
  else {
    e.style.display = 'block';
    return 1;
  }
}

function toggleBox(szDivId, elem, msg1, msg2)
{
  var res = -1;  if (document.getElementById) {
    res = flip(document.getElementById(szDivId));
  }
  else if (document.all) {
    // this is the way old msie versions work
    res = flip(document.all[szDivId]);
  }
  if(elem) {
    if(res == 0) elem.innerHTML = msg1; else elem.innerHTML = msg2;
  }

}

function toggleAllBoxes() {
  if (document.getElementsByTagName) {
    d = document.getElementsByTagName('div');
    for (i = 0; i < d.length; i++) {
      if (d[i].className == 'log') {
        flip(d[i]);
      }
    }
  }
}

// -->
</script>

</head>
<body>
<h2 align='center'>RestAssuredAutomation</h2><table border='1' align="center">
<tr>
<td>Tests passed/Failed/Skipped:</td><td>34/8/0</td>
</tr><tr>
<td>Started on:</td><td>Wed Feb 10 09:59:30 IST 2021</td>
</tr>
<tr><td>Total time:</td><td>29 seconds (29258 ms)</td>
</tr><tr>
<td>Included groups:</td><td></td>
</tr><tr>
<td>Excluded groups:</td><td></td>
</tr>
</table><p/>
<small><i>(Hover the method name to see the test class name)</i></small><p/>
<table width='100%' border='1' class='invocation-failed'>
<tr><td colspan='4' align='center'><b>FAILED TESTS</b></td></tr>
<tr><td><b>Test method</b></td>
<td width="30%"><b>Exception</b></td>
<td width="10%"><b>Time (seconds)</b></td>
<td><b>Instance</b></td>
</tr>
<tr>
<td title='com.RestAssured_AutomationFramework_testcases.TC_01_GETRequest_AllEmployees.checkContentEncoding()'><b>checkContentEncoding</b><br>Test class: com.RestAssured_AutomationFramework_testcases.TC_01_GETRequest_AllEmployees</td>
<td><div><pre>java.lang.AssertionError: expected [gzip] but found [null]
	at com.RestAssured_AutomationFramework_testcases.TC_01_GETRequest_AllEmployees.checkContentEncoding(TC_01_GETRequest_AllEmployees.java:90)
	at java.util.ArrayList.forEach(ArrayList.java:1259)
... Removed 33 stack frames</pre></div><a href='#' onClick='toggleBox("stack-trace688593710", this, "Click to show all stack frames", "Click to hide stack frames")'>Click to show all stack frames</a>
<div class='stack-trace' id='stack-trace688593710'><pre>java.lang.AssertionError: expected [gzip] but found [null]
	at org.testng.Assert.fail(Assert.java:97)
	at org.testng.Assert.failNotEquals(Assert.java:969)
	at org.testng.Assert.assertEqualsImpl(Assert.java:131)
	at org.testng.Assert.assertEquals(Assert.java:118)
	at org.testng.Assert.assertEquals(Assert.java:575)
	at org.testng.Assert.assertEquals(Assert.java:585)
	at com.RestAssured_AutomationFramework_testcases.TC_01_GETRequest_AllEmployees.checkContentEncoding(TC_01_GETRequest_AllEmployees.java:90)
	at sun.reflect.NativeMethodAccessorImpl.invoke0(Native Method)
	at sun.reflect.NativeMethodAccessorImpl.invoke(NativeMethodAccessorImpl.java:62)
	at sun.reflect.DelegatingMethodAccessorImpl.invoke(DelegatingMethodAccessorImpl.java:43)
	at java.lang.reflect.Method.invoke(Method.java:498)
	at org.testng.internal.MethodInvocationHelper.invokeMethod(MethodInvocationHelper.java:134)
	at org.testng.internal.TestInvoker.invokeMethod(TestInvoker.java:597)
	at org.testng.internal.TestInvoker.invokeTestMethod(TestInvoker.java:173)
	at org.testng.internal.MethodRunner.runInSequence(MethodRunner.java:46)
	at org.testng.internal.TestInvoker$MethodInvocationAgent.invoke(TestInvoker.java:816)
	at org.testng.internal.TestInvoker.invokeTestMethods(TestInvoker.java:146)
	at org.testng.internal.TestMethodWorker.invokeTestMethods(TestMethodWorker.java:146)
	at org.testng.internal.TestMethodWorker.run(TestMethodWorker.java:128)
	at java.util.ArrayList.forEach(ArrayList.java:1259)
	at org.testng.TestRunner.privateRun(TestRunner.java:766)
	at org.testng.TestRunner.run(TestRunner.java:587)
	at org.testng.SuiteRunner.runTest(SuiteRunner.java:384)
	at org.testng.SuiteRunner.runSequentially(SuiteRunner.java:378)
	at org.testng.SuiteRunner.privateRun(SuiteRunner.java:337)
	at org.testng.SuiteRunner.run(SuiteRunner.java:286)
	at org.testng.SuiteRunnerWorker.runSuite(SuiteRunnerWorker.java:53)
	at org.testng.SuiteRunnerWorker.run(SuiteRunnerWorker.java:96)
	at org.testng.TestNG.runSuitesSequentially(TestNG.java:1187)
	at org.testng.TestNG.runSuitesLocally(TestNG.java:1109)
	at org.testng.TestNG.runSuites(TestNG.java:1039)
	at org.testng.TestNG.run(TestNG.java:1007)
	at org.testng.remote.AbstractRemoteTestNG.run(AbstractRemoteTestNG.java:115)
	at org.testng.remote.RemoteTestNG.initAndRun(RemoteTestNG.java:251)
	at org.testng.remote.RemoteTestNG.main(RemoteTestNG.java:77)
</pre></div></td>
<td>0</td>
<td>com.RestAssured_AutomationFramework_testcases.TC_01_GETRequest_AllEmployees@4b1c1ea0</td></tr>
<tr>
<td title='com.RestAssured_AutomationFramework_testcases.TC_02_GETRequest_SingleEmployee.checkContentEncoding()'><b>checkContentEncoding</b><br>Test class: com.RestAssured_AutomationFramework_testcases.TC_02_GETRequest_SingleEmployee</td>
<td><div><pre>java.lang.AssertionError: expected [gzip] but found [null]
	at com.RestAssured_AutomationFramework_testcases.TC_02_GETRequest_SingleEmployee.checkContentEncoding(TC_02_GETRequest_SingleEmployee.java:90)
	at java.util.ArrayList.forEach(ArrayList.java:1259)
... Removed 33 stack frames</pre></div><a href='#' onClick='toggleBox("stack-trace707635461", this, "Click to show all stack frames", "Click to hide stack frames")'>Click to show all stack frames</a>
<div class='stack-trace' id='stack-trace707635461'><pre>java.lang.AssertionError: expected [gzip] but found [null]
	at org.testng.Assert.fail(Assert.java:97)
	at org.testng.Assert.failNotEquals(Assert.java:969)
	at org.testng.Assert.assertEqualsImpl(Assert.java:131)
	at org.testng.Assert.assertEquals(Assert.java:118)
	at org.testng.Assert.assertEquals(Assert.java:575)
	at org.testng.Assert.assertEquals(Assert.java:585)
	at com.RestAssured_AutomationFramework_testcases.TC_02_GETRequest_SingleEmployee.checkContentEncoding(TC_02_GETRequest_SingleEmployee.java:90)
	at sun.reflect.NativeMethodAccessorImpl.invoke0(Native Method)
	at sun.reflect.NativeMethodAccessorImpl.invoke(NativeMethodAccessorImpl.java:62)
	at sun.reflect.DelegatingMethodAccessorImpl.invoke(DelegatingMethodAccessorImpl.java:43)
	at java.lang.reflect.Method.invoke(Method.java:498)
	at org.testng.internal.MethodInvocationHelper.invokeMethod(MethodInvocationHelper.java:134)
	at org.testng.internal.TestInvoker.invokeMethod(TestInvoker.java:597)
	at org.testng.internal.TestInvoker.invokeTestMethod(TestInvoker.java:173)
	at org.testng.internal.MethodRunner.runInSequence(MethodRunner.java:46)
	at org.testng.internal.TestInvoker$MethodInvocationAgent.invoke(TestInvoker.java:816)
	at org.testng.internal.TestInvoker.invokeTestMethods(TestInvoker.java:146)
	at org.testng.internal.TestMethodWorker.invokeTestMethods(TestMethodWorker.java:146)
	at org.testng.internal.TestMethodWorker.run(TestMethodWorker.java:128)
	at java.util.ArrayList.forEach(ArrayList.java:1259)
	at org.testng.TestRunner.privateRun(TestRunner.java:766)
	at org.testng.TestRunner.run(TestRunner.java:587)
	at org.testng.SuiteRunner.runTest(SuiteRunner.java:384)
	at org.testng.SuiteRunner.runSequentially(SuiteRunner.java:378)
	at org.testng.SuiteRunner.privateRun(SuiteRunner.java:337)
	at org.testng.SuiteRunner.run(SuiteRunner.java:286)
	at org.testng.SuiteRunnerWorker.runSuite(SuiteRunnerWorker.java:53)
	at org.testng.SuiteRunnerWorker.run(SuiteRunnerWorker.java:96)
	at org.testng.TestNG.runSuitesSequentially(TestNG.java:1187)
	at org.testng.TestNG.runSuitesLocally(TestNG.java:1109)
	at org.testng.TestNG.runSuites(TestNG.java:1039)
	at org.testng.TestNG.run(TestNG.java:1007)
	at org.testng.remote.AbstractRemoteTestNG.run(AbstractRemoteTestNG.java:115)
	at org.testng.remote.RemoteTestNG.initAndRun(RemoteTestNG.java:251)
	at org.testng.remote.RemoteTestNG.main(RemoteTestNG.java:77)
</pre></div></td>
<td>0</td>
<td>com.RestAssured_AutomationFramework_testcases.TC_02_GETRequest_SingleEmployee@17579e0f</td></tr>
<tr>
<td title='com.RestAssured_AutomationFramework_testcases.TC_03_POSTRequest_EmployeeRecords.checkContentEncodingType()'><b>checkContentEncodingType</b><br>Test class: com.RestAssured_AutomationFramework_testcases.TC_03_POSTRequest_EmployeeRecords</td>
<td><div><pre>java.lang.AssertionError: expected [gzip] but found [null]
	at com.RestAssured_AutomationFramework_testcases.TC_03_POSTRequest_EmployeeRecords.checkContentEncodingType(TC_03_POSTRequest_EmployeeRecords.java:102)
	at java.util.ArrayList.forEach(ArrayList.java:1259)
... Removed 33 stack frames</pre></div><a href='#' onClick='toggleBox("stack-trace190628410", this, "Click to show all stack frames", "Click to hide stack frames")'>Click to show all stack frames</a>
<div class='stack-trace' id='stack-trace190628410'><pre>java.lang.AssertionError: expected [gzip] but found [null]
	at org.testng.Assert.fail(Assert.java:97)
	at org.testng.Assert.failNotEquals(Assert.java:969)
	at org.testng.Assert.assertEqualsImpl(Assert.java:131)
	at org.testng.Assert.assertEquals(Assert.java:118)
	at org.testng.Assert.assertEquals(Assert.java:575)
	at org.testng.Assert.assertEquals(Assert.java:585)
	at com.RestAssured_AutomationFramework_testcases.TC_03_POSTRequest_EmployeeRecords.checkContentEncodingType(TC_03_POSTRequest_EmployeeRecords.java:102)
	at sun.reflect.NativeMethodAccessorImpl.invoke0(Native Method)
	at sun.reflect.NativeMethodAccessorImpl.invoke(NativeMethodAccessorImpl.java:62)
	at sun.reflect.DelegatingMethodAccessorImpl.invoke(DelegatingMethodAccessorImpl.java:43)
	at java.lang.reflect.Method.invoke(Method.java:498)
	at org.testng.internal.MethodInvocationHelper.invokeMethod(MethodInvocationHelper.java:134)
	at org.testng.internal.TestInvoker.invokeMethod(TestInvoker.java:597)
	at org.testng.internal.TestInvoker.invokeTestMethod(TestInvoker.java:173)
	at org.testng.internal.MethodRunner.runInSequence(MethodRunner.java:46)
	at org.testng.internal.TestInvoker$MethodInvocationAgent.invoke(TestInvoker.java:816)
	at org.testng.internal.TestInvoker.invokeTestMethods(TestInvoker.java:146)
	at org.testng.internal.TestMethodWorker.invokeTestMethods(TestMethodWorker.java:146)
	at org.testng.internal.TestMethodWorker.run(TestMethodWorker.java:128)
	at java.util.ArrayList.forEach(ArrayList.java:1259)
	at org.testng.TestRunner.privateRun(TestRunner.java:766)
	at org.testng.TestRunner.run(TestRunner.java:587)
	at org.testng.SuiteRunner.runTest(SuiteRunner.java:384)
	at org.testng.SuiteRunner.runSequentially(SuiteRunner.java:378)
	at org.testng.SuiteRunner.privateRun(SuiteRunner.java:337)
	at org.testng.SuiteRunner.run(SuiteRunner.java:286)
	at org.testng.SuiteRunnerWorker.runSuite(SuiteRunnerWorker.java:53)
	at org.testng.SuiteRunnerWorker.run(SuiteRunnerWorker.java:96)
	at org.testng.TestNG.runSuitesSequentially(TestNG.java:1187)
	at org.testng.TestNG.runSuitesLocally(TestNG.java:1109)
	at org.testng.TestNG.runSuites(TestNG.java:1039)
	at org.testng.TestNG.run(TestNG.java:1007)
	at org.testng.remote.AbstractRemoteTestNG.run(AbstractRemoteTestNG.java:115)
	at org.testng.remote.RemoteTestNG.initAndRun(RemoteTestNG.java:251)
	at org.testng.remote.RemoteTestNG.main(RemoteTestNG.java:77)
</pre></div></td>
<td>0</td>
<td>com.RestAssured_AutomationFramework_testcases.TC_03_POSTRequest_EmployeeRecords@4d41cee</td></tr>
<tr>
<td title='com.RestAssured_AutomationFramework_testcases.TC_04_DELETERequest_EmployeeRecords.checkContentEncodingType()'><b>checkContentEncodingType</b><br>Test class: com.RestAssured_AutomationFramework_testcases.TC_04_DELETERequest_EmployeeRecords</td>
<td><div><pre>java.lang.AssertionError: expected [gzip] but found [null]
	at com.RestAssured_AutomationFramework_testcases.TC_04_DELETERequest_EmployeeRecords.checkContentEncodingType(TC_04_DELETERequest_EmployeeRecords.java:95)
	at java.util.ArrayList.forEach(ArrayList.java:1259)
... Removed 33 stack frames</pre></div><a href='#' onClick='toggleBox("stack-trace1113414982", this, "Click to show all stack frames", "Click to hide stack frames")'>Click to show all stack frames</a>
<div class='stack-trace' id='stack-trace1113414982'><pre>java.lang.AssertionError: expected [gzip] but found [null]
	at org.testng.Assert.fail(Assert.java:97)
	at org.testng.Assert.failNotEquals(Assert.java:969)
	at org.testng.Assert.assertEqualsImpl(Assert.java:131)
	at org.testng.Assert.assertEquals(Assert.java:118)
	at org.testng.Assert.assertEquals(Assert.java:575)
	at org.testng.Assert.assertEquals(Assert.java:585)
	at com.RestAssured_AutomationFramework_testcases.TC_04_DELETERequest_EmployeeRecords.checkContentEncodingType(TC_04_DELETERequest_EmployeeRecords.java:95)
	at sun.reflect.NativeMethodAccessorImpl.invoke0(Native Method)
	at sun.reflect.NativeMethodAccessorImpl.invoke(NativeMethodAccessorImpl.java:62)
	at sun.reflect.DelegatingMethodAccessorImpl.invoke(DelegatingMethodAccessorImpl.java:43)
	at java.lang.reflect.Method.invoke(Method.java:498)
	at org.testng.internal.MethodInvocationHelper.invokeMethod(MethodInvocationHelper.java:134)
	at org.testng.internal.TestInvoker.invokeMethod(TestInvoker.java:597)
	at org.testng.internal.TestInvoker.invokeTestMethod(TestInvoker.java:173)
	at org.testng.internal.MethodRunner.runInSequence(MethodRunner.java:46)
	at org.testng.internal.TestInvoker$MethodInvocationAgent.invoke(TestInvoker.java:816)
	at org.testng.internal.TestInvoker.invokeTestMethods(TestInvoker.java:146)
	at org.testng.internal.TestMethodWorker.invokeTestMethods(TestMethodWorker.java:146)
	at org.testng.internal.TestMethodWorker.run(TestMethodWorker.java:128)
	at java.util.ArrayList.forEach(ArrayList.java:1259)
	at org.testng.TestRunner.privateRun(TestRunner.java:766)
	at org.testng.TestRunner.run(TestRunner.java:587)
	at org.testng.SuiteRunner.runTest(SuiteRunner.java:384)
	at org.testng.SuiteRunner.runSequentially(SuiteRunner.java:378)
	at org.testng.SuiteRunner.privateRun(SuiteRunner.java:337)
	at org.testng.SuiteRunner.run(SuiteRunner.java:286)
	at org.testng.SuiteRunnerWorker.runSuite(SuiteRunnerWorker.java:53)
	at org.testng.SuiteRunnerWorker.run(SuiteRunnerWorker.java:96)
	at org.testng.TestNG.runSuitesSequentially(TestNG.java:1187)
	at org.testng.TestNG.runSuitesLocally(TestNG.java:1109)
	at org.testng.TestNG.runSuites(TestNG.java:1039)
	at org.testng.TestNG.run(TestNG.java:1007)
	at org.testng.remote.AbstractRemoteTestNG.run(AbstractRemoteTestNG.java:115)
	at org.testng.remote.RemoteTestNG.initAndRun(RemoteTestNG.java:251)
	at org.testng.remote.RemoteTestNG.main(RemoteTestNG.java:77)
</pre></div></td>
<td>0</td>
<td>com.RestAssured_AutomationFramework_testcases.TC_04_DELETERequest_EmployeeRecords@3712b94</td></tr>
<tr>
<td title='com.RestAssured_AutomationFramework_testcases.TC_05_PUTRequest_EmployeeRecords.checkContentEncodingType()'><b>checkContentEncodingType</b><br>Test class: com.RestAssured_AutomationFramework_testcases.TC_05_PUTRequest_EmployeeRecords</td>
<td><div><pre>java.lang.AssertionError: expected [gzip] but found [null]
	at com.RestAssured_AutomationFramework_testcases.TC_05_PUTRequest_EmployeeRecords.checkContentEncodingType(TC_05_PUTRequest_EmployeeRecords.java:102)
	at java.util.ArrayList.forEach(ArrayList.java:1259)
... Removed 33 stack frames</pre></div><a href='#' onClick='toggleBox("stack-trace145105559", this, "Click to show all stack frames", "Click to hide stack frames")'>Click to show all stack frames</a>
<div class='stack-trace' id='stack-trace145105559'><pre>java.lang.AssertionError: expected [gzip] but found [null]
	at org.testng.Assert.fail(Assert.java:97)
	at org.testng.Assert.failNotEquals(Assert.java:969)
	at org.testng.Assert.assertEqualsImpl(Assert.java:131)
	at org.testng.Assert.assertEquals(Assert.java:118)
	at org.testng.Assert.assertEquals(Assert.java:575)
	at org.testng.Assert.assertEquals(Assert.java:585)
	at com.RestAssured_AutomationFramework_testcases.TC_05_PUTRequest_EmployeeRecords.checkContentEncodingType(TC_05_PUTRequest_EmployeeRecords.java:102)
	at sun.reflect.NativeMethodAccessorImpl.invoke0(Native Method)
	at sun.reflect.NativeMethodAccessorImpl.invoke(NativeMethodAccessorImpl.java:62)
	at sun.reflect.DelegatingMethodAccessorImpl.invoke(DelegatingMethodAccessorImpl.java:43)
	at java.lang.reflect.Method.invoke(Method.java:498)
	at org.testng.internal.MethodInvocationHelper.invokeMethod(MethodInvocationHelper.java:134)
	at org.testng.internal.TestInvoker.invokeMethod(TestInvoker.java:597)
	at org.testng.internal.TestInvoker.invokeTestMethod(TestInvoker.java:173)
	at org.testng.internal.MethodRunner.runInSequence(MethodRunner.java:46)
	at org.testng.internal.TestInvoker$MethodInvocationAgent.invoke(TestInvoker.java:816)
	at org.testng.internal.TestInvoker.invokeTestMethods(TestInvoker.java:146)
	at org.testng.internal.TestMethodWorker.invokeTestMethods(TestMethodWorker.java:146)
	at org.testng.internal.TestMethodWorker.run(TestMethodWorker.java:128)
	at java.util.ArrayList.forEach(ArrayList.java:1259)
	at org.testng.TestRunner.privateRun(TestRunner.java:766)
	at org.testng.TestRunner.run(TestRunner.java:587)
	at org.testng.SuiteRunner.runTest(SuiteRunner.java:384)
	at org.testng.SuiteRunner.runSequentially(SuiteRunner.java:378)
	at org.testng.SuiteRunner.privateRun(SuiteRunner.java:337)
	at org.testng.SuiteRunner.run(SuiteRunner.java:286)
	at org.testng.SuiteRunnerWorker.runSuite(SuiteRunnerWorker.java:53)
	at org.testng.SuiteRunnerWorker.run(SuiteRunnerWorker.java:96)
	at org.testng.TestNG.runSuitesSequentially(TestNG.java:1187)
	at org.testng.TestNG.runSuitesLocally(TestNG.java:1109)
	at org.testng.TestNG.runSuites(TestNG.java:1039)
	at org.testng.TestNG.run(TestNG.java:1007)
	at org.testng.remote.AbstractRemoteTestNG.run(AbstractRemoteTestNG.java:115)
	at org.testng.remote.RemoteTestNG.initAndRun(RemoteTestNG.java:251)
	at org.testng.remote.RemoteTestNG.main(RemoteTestNG.java:77)
</pre></div></td>
<td>0</td>
<td>com.RestAssured_AutomationFramework_testcases.TC_05_PUTRequest_EmployeeRecords@2833cc44</td></tr>
<tr>
<td title='com.RestAssured_AutomationFramework_testcases.TC_01_GETRequest_AllEmployees.checkContentType()'><b>checkContentType</b><br>Test class: com.RestAssured_AutomationFramework_testcases.TC_01_GETRequest_AllEmployees</td>
<td><div><pre>java.lang.AssertionError: expected [application/json;charset=utf-8] but found [application/json]
	at com.RestAssured_AutomationFramework_testcases.TC_01_GETRequest_AllEmployees.checkContentType(TC_01_GETRequest_AllEmployees.java:72)
	at java.util.ArrayList.forEach(ArrayList.java:1259)
... Removed 32 stack frames</pre></div><a href='#' onClick='toggleBox("stack-trace739737502", this, "Click to show all stack frames", "Click to hide stack frames")'>Click to show all stack frames</a>
<div class='stack-trace' id='stack-trace739737502'><pre>java.lang.AssertionError: expected [application/json;charset=utf-8] but found [application/json]
	at org.testng.Assert.fail(Assert.java:97)
	at org.testng.Assert.assertEqualsImpl(Assert.java:136)
	at org.testng.Assert.assertEquals(Assert.java:118)
	at org.testng.Assert.assertEquals(Assert.java:575)
	at org.testng.Assert.assertEquals(Assert.java:585)
	at com.RestAssured_AutomationFramework_testcases.TC_01_GETRequest_AllEmployees.checkContentType(TC_01_GETRequest_AllEmployees.java:72)
	at sun.reflect.NativeMethodAccessorImpl.invoke0(Native Method)
	at sun.reflect.NativeMethodAccessorImpl.invoke(NativeMethodAccessorImpl.java:62)
	at sun.reflect.DelegatingMethodAccessorImpl.invoke(DelegatingMethodAccessorImpl.java:43)
	at java.lang.reflect.Method.invoke(Method.java:498)
	at org.testng.internal.MethodInvocationHelper.invokeMethod(MethodInvocationHelper.java:134)
	at org.testng.internal.TestInvoker.invokeMethod(TestInvoker.java:597)
	at org.testng.internal.TestInvoker.invokeTestMethod(TestInvoker.java:173)
	at org.testng.internal.MethodRunner.runInSequence(MethodRunner.java:46)
	at org.testng.internal.TestInvoker$MethodInvocationAgent.invoke(TestInvoker.java:816)
	at org.testng.internal.TestInvoker.invokeTestMethods(TestInvoker.java:146)
	at org.testng.internal.TestMethodWorker.invokeTestMethods(TestMethodWorker.java:146)
	at org.testng.internal.TestMethodWorker.run(TestMethodWorker.java:128)
	at java.util.ArrayList.forEach(ArrayList.java:1259)
	at org.testng.TestRunner.privateRun(TestRunner.java:766)
	at org.testng.TestRunner.run(TestRunner.java:587)
	at org.testng.SuiteRunner.runTest(SuiteRunner.java:384)
	at org.testng.SuiteRunner.runSequentially(SuiteRunner.java:378)
	at org.testng.SuiteRunner.privateRun(SuiteRunner.java:337)
	at org.testng.SuiteRunner.run(SuiteRunner.java:286)
	at org.testng.SuiteRunnerWorker.runSuite(SuiteRunnerWorker.java:53)
	at org.testng.SuiteRunnerWorker.run(SuiteRunnerWorker.java:96)
	at org.testng.TestNG.runSuitesSequentially(TestNG.java:1187)
	at org.testng.TestNG.runSuitesLocally(TestNG.java:1109)
	at org.testng.TestNG.runSuites(TestNG.java:1039)
	at org.testng.TestNG.run(TestNG.java:1007)
	at org.testng.remote.AbstractRemoteTestNG.run(AbstractRemoteTestNG.java:115)
	at org.testng.remote.RemoteTestNG.initAndRun(RemoteTestNG.java:251)
	at org.testng.remote.RemoteTestNG.main(RemoteTestNG.java:77)
</pre></div></td>
<td>0</td>
<td>com.RestAssured_AutomationFramework_testcases.TC_01_GETRequest_AllEmployees@4b1c1ea0</td></tr>
<tr>
<td title='com.RestAssured_AutomationFramework_testcases.TC_01_GETRequest_AllEmployees.checkStatusCode()'><b>checkStatusCode</b><br>Test class: com.RestAssured_AutomationFramework_testcases.TC_01_GETRequest_AllEmployees</td>
<td><div><pre>java.lang.AssertionError: expected [200] but found [404]
	at com.RestAssured_AutomationFramework_testcases.TC_01_GETRequest_AllEmployees.checkStatusCode(TC_01_GETRequest_AllEmployees.java:41)
	at java.util.ArrayList.forEach(ArrayList.java:1259)
... Removed 32 stack frames</pre></div><a href='#' onClick='toggleBox("stack-trace560549459", this, "Click to show all stack frames", "Click to hide stack frames")'>Click to show all stack frames</a>
<div class='stack-trace' id='stack-trace560549459'><pre>java.lang.AssertionError: expected [200] but found [404]
	at org.testng.Assert.fail(Assert.java:97)
	at org.testng.Assert.assertEqualsImpl(Assert.java:136)
	at org.testng.Assert.assertEquals(Assert.java:118)
	at org.testng.Assert.assertEquals(Assert.java:839)
	at org.testng.Assert.assertEquals(Assert.java:849)
	at com.RestAssured_AutomationFramework_testcases.TC_01_GETRequest_AllEmployees.checkStatusCode(TC_01_GETRequest_AllEmployees.java:41)
	at sun.reflect.NativeMethodAccessorImpl.invoke0(Native Method)
	at sun.reflect.NativeMethodAccessorImpl.invoke(NativeMethodAccessorImpl.java:62)
	at sun.reflect.DelegatingMethodAccessorImpl.invoke(DelegatingMethodAccessorImpl.java:43)
	at java.lang.reflect.Method.invoke(Method.java:498)
	at org.testng.internal.MethodInvocationHelper.invokeMethod(MethodInvocationHelper.java:134)
	at org.testng.internal.TestInvoker.invokeMethod(TestInvoker.java:597)
	at org.testng.internal.TestInvoker.invokeTestMethod(TestInvoker.java:173)
	at org.testng.internal.MethodRunner.runInSequence(MethodRunner.java:46)
	at org.testng.internal.TestInvoker$MethodInvocationAgent.invoke(TestInvoker.java:816)
	at org.testng.internal.TestInvoker.invokeTestMethods(TestInvoker.java:146)
	at org.testng.internal.TestMethodWorker.invokeTestMethods(TestMethodWorker.java:146)
	at org.testng.internal.TestMethodWorker.run(TestMethodWorker.java:128)
	at java.util.ArrayList.forEach(ArrayList.java:1259)
	at org.testng.TestRunner.privateRun(TestRunner.java:766)
	at org.testng.TestRunner.run(TestRunner.java:587)
	at org.testng.SuiteRunner.runTest(SuiteRunner.java:384)
	at org.testng.SuiteRunner.runSequentially(SuiteRunner.java:378)
	at org.testng.SuiteRunner.privateRun(SuiteRunner.java:337)
	at org.testng.SuiteRunner.run(SuiteRunner.java:286)
	at org.testng.SuiteRunnerWorker.runSuite(SuiteRunnerWorker.java:53)
	at org.testng.SuiteRunnerWorker.run(SuiteRunnerWorker.java:96)
	at org.testng.TestNG.runSuitesSequentially(TestNG.java:1187)
	at org.testng.TestNG.runSuitesLocally(TestNG.java:1109)
	at org.testng.TestNG.runSuites(TestNG.java:1039)
	at org.testng.TestNG.run(TestNG.java:1007)
	at org.testng.remote.AbstractRemoteTestNG.run(AbstractRemoteTestNG.java:115)
	at org.testng.remote.RemoteTestNG.initAndRun(RemoteTestNG.java:251)
	at org.testng.remote.RemoteTestNG.main(RemoteTestNG.java:77)
</pre></div></td>
<td>0</td>
<td>com.RestAssured_AutomationFramework_testcases.TC_01_GETRequest_AllEmployees@4b1c1ea0</td></tr>
<tr>
<td title='com.RestAssured_AutomationFramework_testcases.TC_01_GETRequest_AllEmployees.checkStatusLine()'><b>checkStatusLine</b><br>Test class: com.RestAssured_AutomationFramework_testcases.TC_01_GETRequest_AllEmployees</td>
<td><div><pre>java.lang.AssertionError: expected [HTTP/1.1 200 OK] but found [HTTP/1.1 404 Not Found]
	at com.RestAssured_AutomationFramework_testcases.TC_01_GETRequest_AllEmployees.checkStatusLine(TC_01_GETRequest_AllEmployees.java:63)
	at java.util.ArrayList.forEach(ArrayList.java:1259)
... Removed 32 stack frames</pre></div><a href='#' onClick='toggleBox("stack-trace583559449", this, "Click to show all stack frames", "Click to hide stack frames")'>Click to show all stack frames</a>
<div class='stack-trace' id='stack-trace583559449'><pre>java.lang.AssertionError: expected [HTTP/1.1 200 OK] but found [HTTP/1.1 404 Not Found]
	at org.testng.Assert.fail(Assert.java:97)
	at org.testng.Assert.assertEqualsImpl(Assert.java:136)
	at org.testng.Assert.assertEquals(Assert.java:118)
	at org.testng.Assert.assertEquals(Assert.java:575)
	at org.testng.Assert.assertEquals(Assert.java:585)
	at com.RestAssured_AutomationFramework_testcases.TC_01_GETRequest_AllEmployees.checkStatusLine(TC_01_GETRequest_AllEmployees.java:63)
	at sun.reflect.NativeMethodAccessorImpl.invoke0(Native Method)
	at sun.reflect.NativeMethodAccessorImpl.invoke(NativeMethodAccessorImpl.java:62)
	at sun.reflect.DelegatingMethodAccessorImpl.invoke(DelegatingMethodAccessorImpl.java:43)
	at java.lang.reflect.Method.invoke(Method.java:498)
	at org.testng.internal.MethodInvocationHelper.invokeMethod(MethodInvocationHelper.java:134)
	at org.testng.internal.TestInvoker.invokeMethod(TestInvoker.java:597)
	at org.testng.internal.TestInvoker.invokeTestMethod(TestInvoker.java:173)
	at org.testng.internal.MethodRunner.runInSequence(MethodRunner.java:46)
	at org.testng.internal.TestInvoker$MethodInvocationAgent.invoke(TestInvoker.java:816)
	at org.testng.internal.TestInvoker.invokeTestMethods(TestInvoker.java:146)
	at org.testng.internal.TestMethodWorker.invokeTestMethods(TestMethodWorker.java:146)
	at org.testng.internal.TestMethodWorker.run(TestMethodWorker.java:128)
	at java.util.ArrayList.forEach(ArrayList.java:1259)
	at org.testng.TestRunner.privateRun(TestRunner.java:766)
	at org.testng.TestRunner.run(TestRunner.java:587)
	at org.testng.SuiteRunner.runTest(SuiteRunner.java:384)
	at org.testng.SuiteRunner.runSequentially(SuiteRunner.java:378)
	at org.testng.SuiteRunner.privateRun(SuiteRunner.java:337)
	at org.testng.SuiteRunner.run(SuiteRunner.java:286)
	at org.testng.SuiteRunnerWorker.runSuite(SuiteRunnerWorker.java:53)
	at org.testng.SuiteRunnerWorker.run(SuiteRunnerWorker.java:96)
	at org.testng.TestNG.runSuitesSequentially(TestNG.java:1187)
	at org.testng.TestNG.runSuitesLocally(TestNG.java:1109)
	at org.testng.TestNG.runSuites(TestNG.java:1039)
	at org.testng.TestNG.run(TestNG.java:1007)
	at org.testng.remote.AbstractRemoteTestNG.run(AbstractRemoteTestNG.java:115)
	at org.testng.remote.RemoteTestNG.initAndRun(RemoteTestNG.java:251)
	at org.testng.remote.RemoteTestNG.main(RemoteTestNG.java:77)
</pre></div></td>
<td>0</td>
<td>com.RestAssured_AutomationFramework_testcases.TC_01_GETRequest_AllEmployees@4b1c1ea0</td></tr>
</table><p>
<table width='100%' border='1' class='invocation-passed'>
<tr><td colspan='4' align='center'><b>PASSED TESTS</b></td></tr>
<tr><td><b>Test method</b></td>
<td width="30%"><b>Exception</b></td>
<td width="10%"><b>Time (seconds)</b></td>
<td><b>Instance</b></td>
</tr>
<tr>
<td title='com.RestAssured_AutomationFramework_testcases.TC_01_GETRequest_AllEmployees.checkContentLength()'><b>checkContentLength</b><br>Test class: com.RestAssured_AutomationFramework_testcases.TC_01_GETRequest_AllEmployees</td>
<td></td>
<td>0</td>
<td>com.RestAssured_AutomationFramework_testcases.TC_01_GETRequest_AllEmployees@4b1c1ea0</td></tr>
<tr>
<td title='com.RestAssured_AutomationFramework_testcases.TC_02_GETRequest_SingleEmployee.checkContentLength()'><b>checkContentLength</b><br>Test class: com.RestAssured_AutomationFramework_testcases.TC_02_GETRequest_SingleEmployee</td>
<td></td>
<td>0</td>
<td>com.RestAssured_AutomationFramework_testcases.TC_02_GETRequest_SingleEmployee@17579e0f</td></tr>
<tr>
<td title='com.RestAssured_AutomationFramework_testcases.TC_03_POSTRequest_EmployeeRecords.checkContentLength()'><b>checkContentLength</b><br>Test class: com.RestAssured_AutomationFramework_testcases.TC_03_POSTRequest_EmployeeRecords</td>
<td></td>
<td>0</td>
<td>com.RestAssured_AutomationFramework_testcases.TC_03_POSTRequest_EmployeeRecords@4d41cee</td></tr>
<tr>
<td title='com.RestAssured_AutomationFramework_testcases.TC_04_DELETERequest_EmployeeRecords.checkContentLength()'><b>checkContentLength</b><br>Test class: com.RestAssured_AutomationFramework_testcases.TC_04_DELETERequest_EmployeeRecords</td>
<td></td>
<td>0</td>
<td>com.RestAssured_AutomationFramework_testcases.TC_04_DELETERequest_EmployeeRecords@3712b94</td></tr>
<tr>
<td title='com.RestAssured_AutomationFramework_testcases.TC_05_PUTRequest_EmployeeRecords.checkContentLength()'><b>checkContentLength</b><br>Test class: com.RestAssured_AutomationFramework_testcases.TC_05_PUTRequest_EmployeeRecords</td>
<td></td>
<td>0</td>
<td>com.RestAssured_AutomationFramework_testcases.TC_05_PUTRequest_EmployeeRecords@2833cc44</td></tr>
<tr>
<td title='com.RestAssured_AutomationFramework_testcases.TC_02_GETRequest_SingleEmployee.checkContentType()'><b>checkContentType</b><br>Test class: com.RestAssured_AutomationFramework_testcases.TC_02_GETRequest_SingleEmployee</td>
<td></td>
<td>0</td>
<td>com.RestAssured_AutomationFramework_testcases.TC_02_GETRequest_SingleEmployee@17579e0f</td></tr>
<tr>
<td title='com.RestAssured_AutomationFramework_testcases.TC_03_POSTRequest_EmployeeRecords.checkContentType()'><b>checkContentType</b><br>Test class: com.RestAssured_AutomationFramework_testcases.TC_03_POSTRequest_EmployeeRecords</td>
<td></td>
<td>0</td>
<td>com.RestAssured_AutomationFramework_testcases.TC_03_POSTRequest_EmployeeRecords@4d41cee</td></tr>
<tr>
<td title='com.RestAssured_AutomationFramework_testcases.TC_04_DELETERequest_EmployeeRecords.checkContentType()'><b>checkContentType</b><br>Test class: com.RestAssured_AutomationFramework_testcases.TC_04_DELETERequest_EmployeeRecords</td>
<td></td>
<td>0</td>
<td>com.RestAssured_AutomationFramework_testcases.TC_04_DELETERequest_EmployeeRecords@3712b94</td></tr>
<tr>
<td title='com.RestAssured_AutomationFramework_testcases.TC_05_PUTRequest_EmployeeRecords.checkContentType()'><b>checkContentType</b><br>Test class: com.RestAssured_AutomationFramework_testcases.TC_05_PUTRequest_EmployeeRecords</td>
<td></td>
<td>0</td>
<td>com.RestAssured_AutomationFramework_testcases.TC_05_PUTRequest_EmployeeRecords@2833cc44</td></tr>
<tr>
<td title='com.RestAssured_AutomationFramework_testcases.TC_01_GETRequest_AllEmployees.checkResponseBody()'><b>checkResponseBody</b><br>Test class: com.RestAssured_AutomationFramework_testcases.TC_01_GETRequest_AllEmployees</td>
<td></td>
<td>0</td>
<td>com.RestAssured_AutomationFramework_testcases.TC_01_GETRequest_AllEmployees@4b1c1ea0</td></tr>
<tr>
<td title='com.RestAssured_AutomationFramework_testcases.TC_02_GETRequest_SingleEmployee.checkResponseBody()'><b>checkResponseBody</b><br>Test class: com.RestAssured_AutomationFramework_testcases.TC_02_GETRequest_SingleEmployee</td>
<td></td>
<td>0</td>
<td>com.RestAssured_AutomationFramework_testcases.TC_02_GETRequest_SingleEmployee@17579e0f</td></tr>
<tr>
<td title='com.RestAssured_AutomationFramework_testcases.TC_03_POSTRequest_EmployeeRecords.checkResponseBody()'><b>checkResponseBody</b><br>Test class: com.RestAssured_AutomationFramework_testcases.TC_03_POSTRequest_EmployeeRecords</td>
<td></td>
<td>0</td>
<td>com.RestAssured_AutomationFramework_testcases.TC_03_POSTRequest_EmployeeRecords@4d41cee</td></tr>
<tr>
<td title='com.RestAssured_AutomationFramework_testcases.TC_04_DELETERequest_EmployeeRecords.checkResponseBody()'><b>checkResponseBody</b><br>Test class: com.RestAssured_AutomationFramework_testcases.TC_04_DELETERequest_EmployeeRecords</td>
<td></td>
<td>0</td>
<td>com.RestAssured_AutomationFramework_testcases.TC_04_DELETERequest_EmployeeRecords@3712b94</td></tr>
<tr>
<td title='com.RestAssured_AutomationFramework_testcases.TC_05_PUTRequest_EmployeeRecords.checkResponseBody()'><b>checkResponseBody</b><br>Test class: com.RestAssured_AutomationFramework_testcases.TC_05_PUTRequest_EmployeeRecords</td>
<td></td>
<td>0</td>
<td>com.RestAssured_AutomationFramework_testcases.TC_05_PUTRequest_EmployeeRecords@2833cc44</td></tr>
<tr>
<td title='com.RestAssured_AutomationFramework_testcases.TC_01_GETRequest_AllEmployees.checkResponseTime()'><b>checkResponseTime</b><br>Test class: com.RestAssured_AutomationFramework_testcases.TC_01_GETRequest_AllEmployees</td>
<td></td>
<td>0</td>
<td>com.RestAssured_AutomationFramework_testcases.TC_01_GETRequest_AllEmployees@4b1c1ea0</td></tr>
<tr>
<td title='com.RestAssured_AutomationFramework_testcases.TC_02_GETRequest_SingleEmployee.checkResponseTime()'><b>checkResponseTime</b><br>Test class: com.RestAssured_AutomationFramework_testcases.TC_02_GETRequest_SingleEmployee</td>
<td></td>
<td>0</td>
<td>com.RestAssured_AutomationFramework_testcases.TC_02_GETRequest_SingleEmployee@17579e0f</td></tr>
<tr>
<td title='com.RestAssured_AutomationFramework_testcases.TC_01_GETRequest_AllEmployees.checkServerType()'><b>checkServerType</b><br>Test class: com.RestAssured_AutomationFramework_testcases.TC_01_GETRequest_AllEmployees</td>
<td></td>
<td>0</td>
<td>com.RestAssured_AutomationFramework_testcases.TC_01_GETRequest_AllEmployees@4b1c1ea0</td></tr>
<tr>
<td title='com.RestAssured_AutomationFramework_testcases.TC_02_GETRequest_SingleEmployee.checkServerType()'><b>checkServerType</b><br>Test class: com.RestAssured_AutomationFramework_testcases.TC_02_GETRequest_SingleEmployee</td>
<td></td>
<td>0</td>
<td>com.RestAssured_AutomationFramework_testcases.TC_02_GETRequest_SingleEmployee@17579e0f</td></tr>
<tr>
<td title='com.RestAssured_AutomationFramework_testcases.TC_03_POSTRequest_EmployeeRecords.checkServerType()'><b>checkServerType</b><br>Test class: com.RestAssured_AutomationFramework_testcases.TC_03_POSTRequest_EmployeeRecords</td>
<td></td>
<td>0</td>
<td>com.RestAssured_AutomationFramework_testcases.TC_03_POSTRequest_EmployeeRecords@4d41cee</td></tr>
<tr>
<td title='com.RestAssured_AutomationFramework_testcases.TC_04_DELETERequest_EmployeeRecords.checkServerType()'><b>checkServerType</b><br>Test class: com.RestAssured_AutomationFramework_testcases.TC_04_DELETERequest_EmployeeRecords</td>
<td></td>
<td>0</td>
<td>com.RestAssured_AutomationFramework_testcases.TC_04_DELETERequest_EmployeeRecords@3712b94</td></tr>
<tr>
<td title='com.RestAssured_AutomationFramework_testcases.TC_05_PUTRequest_EmployeeRecords.checkServerType()'><b>checkServerType</b><br>Test class: com.RestAssured_AutomationFramework_testcases.TC_05_PUTRequest_EmployeeRecords</td>
<td></td>
<td>0</td>
<td>com.RestAssured_AutomationFramework_testcases.TC_05_PUTRequest_EmployeeRecords@2833cc44</td></tr>
<tr>
<td title='com.RestAssured_AutomationFramework_testcases.TC_02_GETRequest_SingleEmployee.checkStatusCode()'><b>checkStatusCode</b><br>Test class: com.RestAssured_AutomationFramework_testcases.TC_02_GETRequest_SingleEmployee</td>
<td></td>
<td>0</td>
<td>com.RestAssured_AutomationFramework_testcases.TC_02_GETRequest_SingleEmployee@17579e0f</td></tr>
<tr>
<td title='com.RestAssured_AutomationFramework_testcases.TC_03_POSTRequest_EmployeeRecords.checkStatusCode()'><b>checkStatusCode</b><br>Test class: com.RestAssured_AutomationFramework_testcases.TC_03_POSTRequest_EmployeeRecords</td>
<td></td>
<td>0</td>
<td>com.RestAssured_AutomationFramework_testcases.TC_03_POSTRequest_EmployeeRecords@4d41cee</td></tr>
<tr>
<td title='com.RestAssured_AutomationFramework_testcases.TC_04_DELETERequest_EmployeeRecords.checkStatusCode()'><b>checkStatusCode</b><br>Test class: com.RestAssured_AutomationFramework_testcases.TC_04_DELETERequest_EmployeeRecords</td>
<td></td>
<td>0</td>
<td>com.RestAssured_AutomationFramework_testcases.TC_04_DELETERequest_EmployeeRecords@3712b94</td></tr>
<tr>
<td title='com.RestAssured_AutomationFramework_testcases.TC_05_PUTRequest_EmployeeRecords.checkStatusCode()'><b>checkStatusCode</b><br>Test class: com.RestAssured_AutomationFramework_testcases.TC_05_PUTRequest_EmployeeRecords</td>
<td></td>
<td>0</td>
<td>com.RestAssured_AutomationFramework_testcases.TC_05_PUTRequest_EmployeeRecords@2833cc44</td></tr>
<tr>
<td title='com.RestAssured_AutomationFramework_testcases.TC_02_GETRequest_SingleEmployee.checkStatusLine()'><b>checkStatusLine</b><br>Test class: com.RestAssured_AutomationFramework_testcases.TC_02_GETRequest_SingleEmployee</td>
<td></td>
<td>0</td>
<td>com.RestAssured_AutomationFramework_testcases.TC_02_GETRequest_SingleEmployee@17579e0f</td></tr>
<tr>
<td title='com.RestAssured_AutomationFramework_testcases.TC_03_POSTRequest_EmployeeRecords.checkStatusLine()'><b>checkStatusLine</b><br>Test class: com.RestAssured_AutomationFramework_testcases.TC_03_POSTRequest_EmployeeRecords</td>
<td></td>
<td>0</td>
<td>com.RestAssured_AutomationFramework_testcases.TC_03_POSTRequest_EmployeeRecords@4d41cee</td></tr>
<tr>
<td title='com.RestAssured_AutomationFramework_testcases.TC_04_DELETERequest_EmployeeRecords.checkStatusLine()'><b>checkStatusLine</b><br>Test class: com.RestAssured_AutomationFramework_testcases.TC_04_DELETERequest_EmployeeRecords</td>
<td></td>
<td>0</td>
<td>com.RestAssured_AutomationFramework_testcases.TC_04_DELETERequest_EmployeeRecords@3712b94</td></tr>
<tr>
<td title='com.RestAssured_AutomationFramework_testcases.TC_05_PUTRequest_EmployeeRecords.checkStatusLine()'><b>checkStatusLine</b><br>Test class: com.RestAssured_AutomationFramework_testcases.TC_05_PUTRequest_EmployeeRecords</td>
<td></td>
<td>0</td>
<td>com.RestAssured_AutomationFramework_testcases.TC_05_PUTRequest_EmployeeRecords@2833cc44</td></tr>
<tr>
<td title='com.RestAssured_AutomationFramework_testcases.TC_01_GETRequest_AllEmployees.checkcookies()'><b>checkcookies</b><br>Test class: com.RestAssured_AutomationFramework_testcases.TC_01_GETRequest_AllEmployees</td>
<td></td>
<td>0</td>
<td>com.RestAssured_AutomationFramework_testcases.TC_01_GETRequest_AllEmployees@4b1c1ea0</td></tr>
<tr>
<td title='com.RestAssured_AutomationFramework_testcases.TC_02_GETRequest_SingleEmployee.checkcookies()'><b>checkcookies</b><br>Test class: com.RestAssured_AutomationFramework_testcases.TC_02_GETRequest_SingleEmployee</td>
<td></td>
<td>0</td>
<td>com.RestAssured_AutomationFramework_testcases.TC_02_GETRequest_SingleEmployee@17579e0f</td></tr>
<tr>
<td title='com.RestAssured_AutomationFramework_testcases.TC_03_POSTRequest_EmployeeRecords.tearDown()'><b>tearDown</b><br>Test class: com.RestAssured_AutomationFramework_testcases.TC_03_POSTRequest_EmployeeRecords</td>
<td></td>
<td>0</td>
<td>com.RestAssured_AutomationFramework_testcases.TC_03_POSTRequest_EmployeeRecords@4d41cee</td></tr>
<tr>
<td title='com.RestAssured_AutomationFramework_testcases.TC_04_DELETERequest_EmployeeRecords.tearDown()'><b>tearDown</b><br>Test class: com.RestAssured_AutomationFramework_testcases.TC_04_DELETERequest_EmployeeRecords</td>
<td></td>
<td>0</td>
<td>com.RestAssured_AutomationFramework_testcases.TC_04_DELETERequest_EmployeeRecords@3712b94</td></tr>
<tr>
<td title='com.RestAssured_AutomationFramework_testcases.TC_05_PUTRequest_EmployeeRecords.tearDown()'><b>tearDown</b><br>Test class: com.RestAssured_AutomationFramework_testcases.TC_05_PUTRequest_EmployeeRecords</td>
<td></td>
<td>0</td>
<td>com.RestAssured_AutomationFramework_testcases.TC_05_PUTRequest_EmployeeRecords@2833cc44</td></tr>
</table><p>
</body>
</html>